<?xml version="1.0" encoding="UTF-8"?>
<!-- Generated by org.testng.reporters.JUnitXMLReporter -->
<testsuite ignored="0" hostname="YourName" failures="0" tests="7" name="Default test" time="20.447" errors="0" timestamp="2021-12-01T01:40:19 IST">
  <testcase classname="com.automation.test.MainTest" name="googleSearch" time="10.661"/>
  <testcase classname="com.automation.test.MainTest" name="verifyStadiumText" time="0.039"/>
  <testcase classname="com.automation.test.MainTest" name="verifyTitle" time="0.006"/>
  <testcase classname="com.automation.test.MainTest" name="printTest" time="0.057"/>
  <testcase classname="com.automation.test.MainTest" name="verifyLink" time="0.033"/>
  <testcase classname="com.automation.test.MainTest" name="printAdressTest" time="0.026"/>
  <testcase classname="com.automation.test.MainTest" name="verifyPhone" time="5.418"/>
</testsuite> <!-- Default test -->
