<?xml version="1.0" encoding="UTF-8"?>
<testsuite xmlns:xsi="http://www.w3.org/2001/XMLSchema-instance" xsi:noNamespaceSchemaLocation="https://maven.apache.org/surefire/maven-surefire-plugin/xsd/surefire-test-report-3.0.xsd" version="3.0" name="TestSuite" time="21.291" tests="7" errors="0" skipped="0" failures="0">
  <properties>
[...]
</properties>
  <testcase name="googleSearch" classname="com.automation.test.MainTest" time="10.698">
    <system-out><![CDATA[01:41:57.750 [main] INFO  com.automation.base.BaseClass - Google launched
01:42:08.485 [main] INFO  com.automation.base.BaseClass - first test successfully completed
]]></system-out>
    <system-err><![CDATA[SLF4J: Failed to load class "org.slf4j.impl.StaticLoggerBinder".
SLF4J: Defaulting to no-operation (NOP) logger implementation
SLF4J: See http://www.slf4j.org/codes.html#StaticLoggerBinder for further details.
Starting ChromeDriver 96.0.4664.45 (76e4c1bb2ab4671b8beba3444e61c0f17584b2fc-refs/branch-heads/4664@{#947}) on port 62447
Only local connections are allowed.
Please see https://chromedriver.chromium.org/security-considerations for suggestions on keeping ChromeDriver safe.
ChromeDriver was started successfully.
Dec 01, 2021 1:41:55 AM org.openqa.selenium.remote.ProtocolHandshake createSession
INFO: Detected dialect: W3C
Dec 01, 2021 1:41:55 AM org.openqa.selenium.devtools.CdpVersionFinder findNearestMatch
INFO: Found exact CDP implementation for version 96
]]></system-err>
  </testcase>
  <testcase name="verifyStadiumText" classname="com.automation.test.MainTest" time="0.038"/>
  <testcase name="verifyTitle" classname="com.automation.test.MainTest" time="0.006"/>
  <testcase name="printTest" classname="com.automation.test.MainTest" time="0.057">
    <system-out><![CDATA[01:42:08.589 [main] INFO  com.automation.base.BaseClass - Rating is4.5	and ReviewSHIVAM
Local Guide · 183 reviews
]]></system-out>
  </testcase>
  <testcase name="verifyLink" classname="com.automation.test.MainTest" time="0.031"/>
  <testcase name="printAdressTest" classname="com.automation.test.MainTest" time="0.026">
    <system-out><![CDATA[01:42:08.646 [main] INFO  com.automation.base.BaseClass - address is:Vinoo Mankad Rd, Churchgate, Mumbai, Maharashtra 400020
]]></system-out>
  </testcase>
  <testcase name="verifyPhone" classname="com.automation.test.MainTest" time="5.404">
    <system-out><![CDATA[01:42:14.051 [main] INFO  com.automation.base.BaseClass - last successfully completed
]]></system-out>
  </testcase>
</testsuite>