<?xml version="1.0" encoding="UTF-8"?>
<testng-results ignored="0" total="5" passed="5" failed="0" skipped="0">
  <reporter-output>
  </reporter-output>
  <suite started-at="2021-12-01T00:42:06 IST" name="Wankhede Stadium Search Automation" finished-at="2021-12-01T00:42:27 IST" duration-ms="20505">
    <groups>
    </groups>
    <test started-at="2021-12-01T00:42:06 IST" name="Test Run" finished-at="2021-12-01T00:42:27 IST" duration-ms="20505">
      <class name="com.automation.test.MainTest">
        <test-method is-config="true" signature="setup()[pri:0, instance:com.automation.test.MainTest@3549bca9]" started-at="2021-12-01T00:42:06 IST" name="setup" finished-at="2021-12-01T00:42:10 IST" duration-ms="4065" status="PASS">
          <reporter-output>
          </reporter-output>
        </test-method> <!-- setup -->
        <test-method signature="googleSearch()[pri:1, instance:com.automation.test.MainTest@3549bca9]" started-at="2021-12-01T00:42:10 IST" name="googleSearch" finished-at="2021-12-01T00:42:21 IST" duration-ms="10760" status="PASS">
          <reporter-output>
          </reporter-output>
        </test-method> <!-- googleSearch -->
        <test-method signature="verifyStadiumText()[pri:2, instance:com.automation.test.MainTest@3549bca9]" started-at="2021-12-01T00:42:21 IST" name="verifyStadiumText" finished-at="2021-12-01T00:42:21 IST" duration-ms="41" status="PASS">
          <reporter-output>
          </reporter-output>
        </test-method> <!-- verifyStadiumText -->
        <test-method signature="verifyTitle()[pri:3, instance:com.automation.test.MainTest@3549bca9]" started-at="2021-12-01T00:42:21 IST" name="verifyTitle" finished-at="2021-12-01T00:42:21 IST" duration-ms="5" status="PASS">
          <reporter-output>
          </reporter-output>
        </test-method> <!-- verifyTitle -->
        <test-method signature="verifyLink()[pri:4, instance:com.automation.test.MainTest@3549bca9]" started-at="2021-12-01T00:42:21 IST" name="verifyLink" finished-at="2021-12-01T00:42:21 IST" duration-ms="31" status="PASS">
          <reporter-output>
          </reporter-output>
        </test-method> <!-- verifyLink -->
        <test-method signature="verifyPhone()[pri:5, instance:com.automation.test.MainTest@3549bca9]" started-at="2021-12-01T00:42:21 IST" name="verifyPhone" finished-at="2021-12-01T00:42:27 IST" duration-ms="5442" status="PASS">
          <reporter-output>
          </reporter-output>
        </test-method> <!-- verifyPhone -->
        <test-method is-config="true" signature="teardown()[pri:0, instance:com.automation.test.MainTest@3549bca9]" started-at="2021-12-01T00:42:27 IST" name="teardown" finished-at="2021-12-01T00:42:27 IST" duration-ms="128" status="PASS">
          <reporter-output>
          </reporter-output>
        </test-method> <!-- teardown -->
      </class> <!-- com.automation.test.MainTest -->
    </test> <!-- Test Run -->
  </suite> <!-- Wankhede Stadium Search Automation -->
</testng-results>
