<?xml version="1.0" encoding="UTF-8"?>
<testng-results ignored="0" total="7" passed="7" failed="0" skipped="0">
  <reporter-output>
  </reporter-output>
  <suite started-at="2021-12-14T22:51:45 IST" name="Wankhede Stadium Search Automation" finished-at="2021-12-14T22:52:07 IST" duration-ms="21304">
    <groups>
    </groups>
    <test started-at="2021-12-14T22:51:45 IST" name="Test Run" finished-at="2021-12-14T22:52:07 IST" duration-ms="21304">
      <class name="com.automation.test.MainTest">
        <test-method is-config="true" signature="setup()[pri:0, instance:com.automation.test.MainTest@1506f20f]" started-at="2021-12-14T22:51:45 IST" name="setup" finished-at="2021-12-14T22:51:50 IST" duration-ms="4765" status="PASS">
          <reporter-output>
          </reporter-output>
        </test-method> <!-- setup -->
        <test-method signature="googleSearch()[pri:1, instance:com.automation.test.MainTest@1506f20f]" started-at="2021-12-14T22:51:50 IST" name="googleSearch" finished-at="2021-12-14T22:52:01 IST" duration-ms="10800" status="PASS">
          <reporter-output>
          </reporter-output>
        </test-method> <!-- googleSearch -->
        <test-method signature="verifyStadiumText()[pri:2, instance:com.automation.test.MainTest@1506f20f]" started-at="2021-12-14T22:52:01 IST" name="verifyStadiumText" finished-at="2021-12-14T22:52:01 IST" duration-ms="37" status="PASS">
          <reporter-output>
          </reporter-output>
        </test-method> <!-- verifyStadiumText -->
        <test-method signature="verifyTitle()[pri:3, instance:com.automation.test.MainTest@1506f20f]" started-at="2021-12-14T22:52:01 IST" name="verifyTitle" finished-at="2021-12-14T22:52:01 IST" duration-ms="6" status="PASS">
          <reporter-output>
          </reporter-output>
        </test-method> <!-- verifyTitle -->
        <test-method signature="printTest()[pri:4, instance:com.automation.test.MainTest@1506f20f]" started-at="2021-12-14T22:52:01 IST" name="printTest" finished-at="2021-12-14T22:52:01 IST" duration-ms="45" status="PASS">
          <reporter-output>
          </reporter-output>
        </test-method> <!-- printTest -->
        <test-method signature="verifyLink()[pri:5, instance:com.automation.test.MainTest@1506f20f]" started-at="2021-12-14T22:52:01 IST" name="verifyLink" finished-at="2021-12-14T22:52:01 IST" duration-ms="30" status="PASS">
          <reporter-output>
          </reporter-output>
        </test-method> <!-- verifyLink -->
        <test-method signature="printAdressTest()[pri:6, instance:com.automation.test.MainTest@1506f20f]" started-at="2021-12-14T22:52:01 IST" name="printAdressTest" finished-at="2021-12-14T22:52:01 IST" duration-ms="23" status="PASS">
          <reporter-output>
          </reporter-output>
        </test-method> <!-- printAdressTest -->
        <test-method signature="verifyPhone()[pri:7, instance:com.automation.test.MainTest@1506f20f]" started-at="2021-12-14T22:52:01 IST" name="verifyPhone" finished-at="2021-12-14T22:52:07 IST" duration-ms="5436" status="PASS">
          <reporter-output>
          </reporter-output>
        </test-method> <!-- verifyPhone -->
        <test-method is-config="true" signature="teardown()[pri:0, instance:com.automation.test.MainTest@1506f20f]" started-at="2021-12-14T22:52:07 IST" name="teardown" finished-at="2021-12-14T22:52:07 IST" duration-ms="134" status="PASS">
          <reporter-output>
          </reporter-output>
        </test-method> <!-- teardown -->
      </class> <!-- com.automation.test.MainTest -->
    </test> <!-- Test Run -->
  </suite> <!-- Wankhede Stadium Search Automation -->
</testng-results>
