<?xml version="1.0" encoding="UTF-8"?>
<!-- Generated by org.testng.reporters.JUnitXMLReporter -->
<testsuite ignored="0" hostname="YourName" failures="0" tests="5" name="Test Run" time="20.505" errors="0" timestamp="2021-12-01T00:42:27 IST">
  <testcase classname="com.automation.test.MainTest" name="googleSearch" time="10.76"/>
  <testcase classname="com.automation.test.MainTest" name="verifyStadiumText" time="0.041"/>
  <testcase classname="com.automation.test.MainTest" name="verifyTitle" time="0.005"/>
  <testcase classname="com.automation.test.MainTest" name="verifyLink" time="0.031"/>
  <testcase classname="com.automation.test.MainTest" name="verifyPhone" time="5.442"/>
</testsuite> <!-- Test Run -->
