<?xml version="1.0" encoding="UTF-8"?>
<!-- Generated by org.testng.reporters.JUnitXMLReporter -->
<testsuite ignored="0" hostname="YourName" failures="0" tests="7" name="Test Run" time="21.304" errors="0" timestamp="2021-12-14T22:52:07 IST">
  <testcase classname="com.automation.test.MainTest" name="googleSearch" time="10.8"/>
  <testcase classname="com.automation.test.MainTest" name="verifyStadiumText" time="0.037"/>
  <testcase classname="com.automation.test.MainTest" name="verifyTitle" time="0.006"/>
  <testcase classname="com.automation.test.MainTest" name="printTest" time="0.045"/>
  <testcase classname="com.automation.test.MainTest" name="verifyLink" time="0.03"/>
  <testcase classname="com.automation.test.MainTest" name="printAdressTest" time="0.023"/>
  <testcase classname="com.automation.test.MainTest" name="verifyPhone" time="5.436"/>
</testsuite> <!-- Test Run -->
